Line 566: Class MSDataGridLib.DataGrid of control DataGrid1 was not a loaded control class.
Line 631: Class MSAdodcLib.Adodc of control Adodc1 was not a loaded control class.
Line 567: The property name Bindings in DataGrid1 is invalid.
Line 573: The property name _ExtentX in DataGrid1 is invalid.
Line 574: The property name _ExtentY in DataGrid1 is invalid.
Line 575: The property name _Version in DataGrid1 is invalid.
Line 576: The property name HeadLines in DataGrid1 is invalid.
Line 577: The property name RowHeight in DataGrid1 is invalid.
Line 586: The property name HeadFont in DataGrid1 is invalid.
Line 596: The property name ColumnCount in DataGrid1 is invalid.
Line 609: The property name Column00 in DataGrid1 is invalid.
Line 622: The property name Column01 in DataGrid1 is invalid.
Line 623: The property name SplitCount in DataGrid1 is invalid.
Line 629: The property name Split0 in DataGrid1 is invalid.
Line 637: The property name _ExtentX in Adodc1 is invalid.
Line 638: The property name _ExtentY in Adodc1 is invalid.
Line 639: The property name ConnectMode in Adodc1 is invalid.
Line 640: The property name CursorLocation in Adodc1 is invalid.
Line 641: The property name IsolationLevel in Adodc1 is invalid.
Line 642: The property name ConnectionTimeout in Adodc1 is invalid.
Line 643: The property name CommandTimeout in Adodc1 is invalid.
Line 644: The property name CursorType in Adodc1 is invalid.
Line 645: The property name LockType in Adodc1 is invalid.
Line 646: The property name CommandType in Adodc1 is invalid.
Line 647: The property name CursorOptions in Adodc1 is invalid.
Line 648: The property name CacheSize in Adodc1 is invalid.
Line 649: The property name MaxRecords in Adodc1 is invalid.
Line 650: The property name BOFAction in Adodc1 is invalid.
Line 651: The property name EOFAction in Adodc1 is invalid.
Line 652: The property name ConnectStringType in Adodc1 is invalid.
Line 656: The property name Orientation in Adodc1 is invalid.
Line 658: The property name Connect in Adodc1 is invalid.
Line 659: The property name OLEDBString in Adodc1 is invalid.
Line 660: The property name OLEDBFile in Adodc1 is invalid.
Line 661: The property name DataSourceName in Adodc1 is invalid.
Line 662: The property name OtherAttributes in Adodc1 is invalid.
Line 663: The property name UserName in Adodc1 is invalid.
Line 664: The property name Password in Adodc1 is invalid.
Line 665: The property name RecordSource in Adodc1 is invalid.
Line 666: The property name Caption in Adodc1 is invalid.
Line 676: The property name _Version in Adodc1 is invalid.
