Line 2: Could not create reference: '{67397AA1-7FB1-11D0-B148-00A0C922E820}#6.0#0'.
Line 3: Could not create reference: '{CDE57A40-8B86-11D0-B3C6-00A0C90AEA82}#1.0#0'.
Line 479: Class MSDataGridLib.DataGrid of control DataGrid1 was not a loaded control class.
Line 583: Class MSAdodcLib.Adodc of control Adodc1 was not a loaded control class.
Line 480: The property name Bindings in DataGrid1 is invalid.
Line 486: The property name _ExtentX in DataGrid1 is invalid.
Line 487: The property name _ExtentY in DataGrid1 is invalid.
Line 488: The property name _Version in DataGrid1 is invalid.
Line 489: The property name HeadLines in DataGrid1 is invalid.
Line 490: The property name RowHeight in DataGrid1 is invalid.
Line 499: The property name HeadFont in DataGrid1 is invalid.
Line 509: The property name Caption in DataGrid1 is invalid.
Line 510: The property name ColumnCount in DataGrid1 is invalid.
Line 523: The property name Column00 in DataGrid1 is invalid.
Line 536: The property name Column01 in DataGrid1 is invalid.
Line 537: The property name SplitCount in DataGrid1 is invalid.
Line 543: The property name Split0 in DataGrid1 is invalid.
Line 588: The property name _ExtentX in Adodc1 is invalid.
Line 589: The property name _ExtentY in Adodc1 is invalid.
Line 590: The property name ConnectMode in Adodc1 is invalid.
Line 591: The property name CursorLocation in Adodc1 is invalid.
Line 592: The property name IsolationLevel in Adodc1 is invalid.
Line 593: The property name ConnectionTimeout in Adodc1 is invalid.
Line 594: The property name CommandTimeout in Adodc1 is invalid.
Line 595: The property name CursorType in Adodc1 is invalid.
Line 596: The property name LockType in Adodc1 is invalid.
Line 597: The property name CommandType in Adodc1 is invalid.
Line 598: The property name CursorOptions in Adodc1 is invalid.
Line 599: The property name CacheSize in Adodc1 is invalid.
Line 600: The property name MaxRecords in Adodc1 is invalid.
Line 601: The property name BOFAction in Adodc1 is invalid.
Line 602: The property name EOFAction in Adodc1 is invalid.
Line 603: The property name ConnectStringType in Adodc1 is invalid.
Line 607: The property name Orientation in Adodc1 is invalid.
Line 609: The property name Connect in Adodc1 is invalid.
Line 610: The property name OLEDBString in Adodc1 is invalid.
Line 611: The property name OLEDBFile in Adodc1 is invalid.
Line 612: The property name DataSourceName in Adodc1 is invalid.
Line 613: The property name OtherAttributes in Adodc1 is invalid.
Line 614: The property name UserName in Adodc1 is invalid.
Line 615: The property name Password in Adodc1 is invalid.
Line 616: The property name RecordSource in Adodc1 is invalid.
Line 617: The property name Caption in Adodc1 is invalid.
Line 627: The property name _Version in Adodc1 is invalid.
